<testsuites id="" name="" tests="12" failures="4" skipped="7" errors="0" time="68.708">
<testsuite name="ownerTests.spec.ts" timestamp="1653042058428" hostname="" tests="2" failures="1" skipped="0" time="46.482" errors="0">
<testcase name="Check owner functionality Create owner" classname="[Chrome Stable] › ownerTests.spec.ts:25:4 › Check owner functionality › Create owner" time="15.21">
</testcase>
<testcase name="Check owner functionality Update owner" classname="[Chrome Stable] › ownerTests.spec.ts:53:5 › Check owner functionality › Update owner" time="31.272">
<failure message="ownerTests.spec.ts:53:5 Update owner" type="FAILURE">
  [Chrome Stable] › ownerTests.spec.ts:53:5 › Check owner functionality › Update owner =============

    locator.click: Timeout 30000ms exceeded.
    =========================== logs ===========================
    waiting for selector "text=name surname >> nth=0"
    ============================================================

      56 |         });
      57 |         await test.step(`Select owner with a name "name surname"`, async () => {
    > 58 |             await pages.manageOwners().ownerName('name surname').first().click();
         |                                                                          ^
      59 |             await page.waitForTimeout(5000); 
      60 |         });
      61 |         await test.step(`Click on "EditOwner" button`, async () => {

        at C:\Users\e.yasinskaya\Downloads\playwright-main\playwright-main\tests\ownerTests.spec.ts:58:74
        at TestTypeImpl._step (C:\Users\e.yasinskaya\Downloads\playwright-main\playwright-main\node_modules\@playwright\test\lib\testType.js:214:13)
        at Function.step (C:\Users\e.yasinskaya\Downloads\playwright-main\playwright-main\node_modules\@playwright\test\lib\transform.js:133:12)
        at C:\Users\e.yasinskaya\Downloads\playwright-main\playwright-main\tests\ownerTests.spec.ts:57:20
        at WorkerRunner._runTestWithBeforeHooks (C:\Users\e.yasinskaya\Downloads\playwright-main\playwright-main\node_modules\@playwright\test\lib\workerRunner.js:478:7)

</failure>
</testcase>
</testsuite>
<testsuite name="petTests.spec.ts" timestamp="1653042058428" hostname="" tests="3" failures="3" skipped="0" time="29.451" errors="0">
<testcase name="Check pet functionality Create pet" classname="[Chrome Stable] › petTests.spec.ts:32:5 › Check pet functionality › Create pet" time="15.275">
<failure message="petTests.spec.ts:32:5 Create pet" type="FAILURE">
  [Chrome Stable] › petTests.spec.ts:32:5 › Check pet functionality › Create pet ===================

    locator.click: Error: strict mode violation: "text=Elena Yasinskaya" resolved to 2 elements:
        1) &lt;a _ngcontent-gud-c2="" routerlinkactive="active" h…>Elena Yasinskaya&lt;/a> aka playwright.$("text=Elena Yasinskaya")
        2) &lt;a _ngcontent-gud-c2="" routerlinkactive="active" h…>Elena Yasinskaya&lt;/a> aka playwright.$(":nth-match(:text("Elena Yasinskaya"), 2)")

    =========================== logs ===========================
    waiting for selector "text=Elena Yasinskaya"
    ============================================================

      25 |         });
      26 |         await test.step(`Select owner with a name "Elena Yasinskaya"`, async () => {
    > 27 |             await pages.manageOwners().ownerName('Elena Yasinskaya').click();
         |                                                                      ^
      28 |             await page.waitForTimeout(5000);
      29 |         });
      30 |     });

        at C:\Users\e.yasinskaya\Downloads\playwright-main\playwright-main\tests\petTests.spec.ts:27:70
        at TestTypeImpl._step (C:\Users\e.yasinskaya\Downloads\playwright-main\playwright-main\node_modules\@playwright\test\lib\testType.js:214:13)
        at Function.step (C:\Users\e.yasinskaya\Downloads\playwright-main\playwright-main\node_modules\@playwright\test\lib\transform.js:133:12)
        at C:\Users\e.yasinskaya\Downloads\playwright-main\playwright-main\tests\petTests.spec.ts:26:20
        at WorkerRunner._runHooks (C:\Users\e.yasinskaya\Downloads\playwright-main\playwright-main\node_modules\@playwright\test\lib\workerRunner.js:544:9)
        at WorkerRunner._runBeforeHooks (C:\Users\e.yasinskaya\Downloads\playwright-main\playwright-main\node_modules\@playwright\test\lib\workerRunner.js:450:7)
        at WorkerRunner._runTestWithBeforeHooks (C:\Users\e.yasinskaya\Downloads\playwright-main\playwright-main\node_modules\@playwright\test\lib\workerRunner.js:470:32)

</failure>
</testcase>
<testcase name="Check pet functionality Edit pet" classname="[Chrome Stable] › petTests.spec.ts:59:5 › Check pet functionality › Edit pet" time="7.086">
<failure message="petTests.spec.ts:59:5 Edit pet" type="FAILURE">
  [Chrome Stable] › petTests.spec.ts:59:5 › Check pet functionality › Edit pet =====================

    locator.click: Error: strict mode violation: "text=Elena Yasinskaya" resolved to 2 elements:
        1) &lt;a _ngcontent-vqp-c2="" routerlinkactive="active" h…>Elena Yasinskaya&lt;/a> aka playwright.$("text=Elena Yasinskaya")
        2) &lt;a _ngcontent-vqp-c2="" routerlinkactive="active" h…>Elena Yasinskaya&lt;/a> aka playwright.$(":nth-match(:text("Elena Yasinskaya"), 2)")

    =========================== logs ===========================
    waiting for selector "text=Elena Yasinskaya"
    ============================================================

      25 |         });
      26 |         await test.step(`Select owner with a name "Elena Yasinskaya"`, async () => {
    > 27 |             await pages.manageOwners().ownerName('Elena Yasinskaya').click();
         |                                                                      ^
      28 |             await page.waitForTimeout(5000);
      29 |         });
      30 |     });

        at C:\Users\e.yasinskaya\Downloads\playwright-main\playwright-main\tests\petTests.spec.ts:27:70
        at TestTypeImpl._step (C:\Users\e.yasinskaya\Downloads\playwright-main\playwright-main\node_modules\@playwright\test\lib\testType.js:214:13)
        at Function.step (C:\Users\e.yasinskaya\Downloads\playwright-main\playwright-main\node_modules\@playwright\test\lib\transform.js:133:12)
        at C:\Users\e.yasinskaya\Downloads\playwright-main\playwright-main\tests\petTests.spec.ts:26:20
        at WorkerRunner._runHooks (C:\Users\e.yasinskaya\Downloads\playwright-main\playwright-main\node_modules\@playwright\test\lib\workerRunner.js:544:9)
        at WorkerRunner._runBeforeHooks (C:\Users\e.yasinskaya\Downloads\playwright-main\playwright-main\node_modules\@playwright\test\lib\workerRunner.js:450:7)
        at WorkerRunner._runTestWithBeforeHooks (C:\Users\e.yasinskaya\Downloads\playwright-main\playwright-main\node_modules\@playwright\test\lib\workerRunner.js:470:32)

    attachment #1: screenshot (image/png) ----------------------------------------------------------
    test-results\petTests-Check-pet-functionality-Edit-pet-Chrome-Stable\test-failed-1.png
    ------------------------------------------------------------------------------------------------

</failure>
<system-out>

[[ATTACHMENT|..\test-results\petTests-Check-pet-functionality-Edit-pet-Chrome-Stable\test-failed-1.png]]

</system-out>
</testcase>
<testcase name="Check pet functionality Delete pet" classname="[Chrome Stable] › petTests.spec.ts:77:5 › Check pet functionality › Delete pet" time="7.09">
<failure message="petTests.spec.ts:77:5 Delete pet" type="FAILURE">
  [Chrome Stable] › petTests.spec.ts:77:5 › Check pet functionality › Delete pet ===================

    locator.click: Error: strict mode violation: "text=Elena Yasinskaya" resolved to 2 elements:
        1) &lt;a _ngcontent-ggs-c2="" routerlinkactive="active" h…>Elena Yasinskaya&lt;/a> aka playwright.$("text=Elena Yasinskaya")
        2) &lt;a _ngcontent-ggs-c2="" routerlinkactive="active" h…>Elena Yasinskaya&lt;/a> aka playwright.$(":nth-match(:text("Elena Yasinskaya"), 2)")

    =========================== logs ===========================
    waiting for selector "text=Elena Yasinskaya"
    ============================================================

      25 |         });
      26 |         await test.step(`Select owner with a name "Elena Yasinskaya"`, async () => {
    > 27 |             await pages.manageOwners().ownerName('Elena Yasinskaya').click();
         |                                                                      ^
      28 |             await page.waitForTimeout(5000);
      29 |         });
      30 |     });

        at C:\Users\e.yasinskaya\Downloads\playwright-main\playwright-main\tests\petTests.spec.ts:27:70
        at TestTypeImpl._step (C:\Users\e.yasinskaya\Downloads\playwright-main\playwright-main\node_modules\@playwright\test\lib\testType.js:214:13)
        at Function.step (C:\Users\e.yasinskaya\Downloads\playwright-main\playwright-main\node_modules\@playwright\test\lib\transform.js:133:12)
        at C:\Users\e.yasinskaya\Downloads\playwright-main\playwright-main\tests\petTests.spec.ts:26:20
        at WorkerRunner._runHooks (C:\Users\e.yasinskaya\Downloads\playwright-main\playwright-main\node_modules\@playwright\test\lib\workerRunner.js:544:9)
        at WorkerRunner._runBeforeHooks (C:\Users\e.yasinskaya\Downloads\playwright-main\playwright-main\node_modules\@playwright\test\lib\workerRunner.js:450:7)
        at WorkerRunner._runTestWithBeforeHooks (C:\Users\e.yasinskaya\Downloads\playwright-main\playwright-main\node_modules\@playwright\test\lib\workerRunner.js:470:32)

    attachment #1: screenshot (image/png) ----------------------------------------------------------
    test-results\petTests-Check-pet-functionality-Delete-pet-Chrome-Stable\test-failed-1.png
    ------------------------------------------------------------------------------------------------

</failure>
<system-out>

[[ATTACHMENT|..\test-results\petTests-Check-pet-functionality-Delete-pet-Chrome-Stable\test-failed-1.png]]

</system-out>
</testcase>
</testsuite>
<testsuite name="snapshots\ownerPagesComparison.spec.ts" timestamp="1653042058428" hostname="" tests="5" failures="0" skipped="5" time="0" errors="0">
<testcase name="Check owner functionality Home" classname="[Chrome Stable] › snapshots\ownerPagesComparison.spec.ts:18:10 › Check owner functionality › Home" time="0">
<skipped>
</skipped>
</testcase>
<testcase name="Check owner functionality Create owner" classname="[Chrome Stable] › snapshots\ownerPagesComparison.spec.ts:22:10 › Check owner functionality › Create owner" time="0">
<skipped>
</skipped>
</testcase>
<testcase name="Check owner functionality Owner list" classname="[Chrome Stable] › snapshots\ownerPagesComparison.spec.ts:28:10 › Check owner functionality › Owner list" time="0">
<skipped>
</skipped>
</testcase>
<testcase name="Check owner functionality Owner details" classname="[Chrome Stable] › snapshots\ownerPagesComparison.spec.ts:36:10 › Check owner functionality › Owner details" time="0">
<skipped>
</skipped>
</testcase>
<testcase name="Check owner functionality Edit owner" classname="[Chrome Stable] › snapshots\ownerPagesComparison.spec.ts:46:10 › Check owner functionality › Edit owner" time="0">
<skipped>
</skipped>
</testcase>
</testsuite>
<testsuite name="snapshots\petPagesComparison.spec.ts" timestamp="1653042058428" hostname="" tests="2" failures="0" skipped="2" time="0" errors="0">
<testcase name="Check owner functionality Create pet" classname="[Chrome Stable] › snapshots\petPagesComparison.spec.ts:15:10 › Check owner functionality › Create pet" time="0">
<skipped>
</skipped>
</testcase>
<testcase name="Check owner functionality Edit pet" classname="[Chrome Stable] › snapshots\petPagesComparison.spec.ts:24:10 › Check owner functionality › Edit pet" time="0">
<skipped>
</skipped>
</testcase>
</testsuite>
</testsuites>